Build started 5/4/16 12:51:49 PM.
     1>Project "Z:\Desktop\CSE-687\Project4\ServerRepository\ServerRepository.vcxproj" on node 3 (Build target(s)).
     1>ClCompile:
         C:\Program Files (x86)\Microsoft Visual Studio 14.0\VC\bin\x86_amd64\CL.exe /c /ZI /nologo /W3 /WX- /sdl /Od /D _MBCS /D TEST_MSGSERVER /D _MBCS /Gm /EHsc /RTC1 /MDd /GS /fp:precise /Zc:wchar_t /Zc:forScope /Zc:inline /Fo"x64\Debug\\" /Fd"x64\Debug\vc140.pdb" /Gd /TP /errorReport:prompt MsgServer.cpp
         MsgServer.cpp
       Link:
         C:\Program Files (x86)\Microsoft Visual Studio 14.0\VC\bin\x86_amd64\link.exe /ERRORREPORT:PROMPT /OUT:"Z:\Desktop\CSE-687\Project4\x64\Debug\ServerRepository.exe" /INCREMENTAL /NOLOGO kernel32.lib user32.lib gdi32.lib winspool.lib comdlg32.lib advapi32.lib shell32.lib ole32.lib oleaut32.lib uuid.lib odbc32.lib odbccp32.lib /MANIFEST /MANIFESTUAC:"level='asInvoker' uiAccess='false'" /manifest:embed /Debug /PDB:"Z:\Desktop\CSE-687\Project4\x64\Debug\ServerRepository.pdb" /SUBSYSTEM:CONSOLE /TLBID:1 /DYNAMICBASE /NXCOMPAT /IMPLIB:"Z:\Desktop\CSE-687\Project4\x64\Debug\ServerRepository.lib" /MACHINE:X64 x64\Debug\MsgServer.obj
         x64\Debug\ServerRepository.obj
         "Z:\Desktop\CSE-687\Project4\x64\Debug\FileMgr.lib"
         "Z:\Desktop\CSE-687\Project4\x64\Debug\DependencyAnalysis.lib"
         "Z:\Desktop\CSE-687\Project4\x64\Debug\RulesAndActions.lib"
         "Z:\Desktop\CSE-687\Project4\x64\Debug\Utilities.lib"
         "Z:\Desktop\CSE-687\Project4\x64\Debug\Tokenizer.lib"
         "Z:\Desktop\CSE-687\Project4\x64\Debug\SemiExp.lib"
         "Z:\Desktop\CSE-687\Project4\x64\Debug\Parser.lib"
         "Z:\Desktop\CSE-687\Project4\x64\Debug\Display.lib"
         "Z:\Desktop\CSE-687\Project4\x64\Debug\ThreadPool.lib"
         "Z:\Desktop\CSE-687\Project4\x64\Debug\Tasks.lib"
         "Z:\Desktop\CSE-687\Project4\x64\Debug\TypeAnalysis.lib"
         "Z:\Desktop\CSE-687\Project4\x64\Debug\ParallelDependencyAnalysis.lib"
         "Z:\Desktop\CSE-687\Project4\x64\Debug\RemoteSupport.lib"
         "Z:\Desktop\CSE-687\Project4\x64\Debug\XmlParser.lib"
         ServerRepository.vcxproj -> Z:\Desktop\CSE-687\Project4\x64\Debug\ServerRepository.exe
     1>Done Building Project "Z:\Desktop\CSE-687\Project4\ServerRepository\ServerRepository.vcxproj" (Build target(s)).

Build succeeded.

Time Elapsed 00:00:05.33
